{
  "content": "[Error: Python execution failed: Command failed: python3 \"/Users/jtr/_JTR23_/COSMO/runtime/outputs/execution/exec_1766732709933_arla1xu.py\"\nTraceback (most recent call last):\n  File \"/Users/jtr/_JTR23_/COSMO/runtime/outputs/execution/exec_1766732709933_arla1xu.py\", line 4, in <module>\n    json\nNameError: name 'json' is not defined\n\nTraceback (most recent call last):\n  File \"/Users/jtr/_JTR23_/COSMO/runtime/outputs/execution/exec_1766732709933_arla1xu.py\", line 4, in <module>\n    json\nNameError: name 'json' is not defined\n]",
  "reasoning": "",
  "codeResults": [],
  "hadError": true,
  "errorType": "execution_error",
  "usage": {
    "input_tokens": 1104,
    "input_tokens_details": {
      "cached_tokens": 0
    },
    "output_tokens": 1785,
    "output_tokens_details": {
      "reasoning_tokens": 115
    },
    "total_tokens": 2889,
    "duration_ms": 0
  },
  "responseId": "resp_0a2e30ee8f12bf9e00694e3383f3908193af7d253cd013d417"
}