{
  "content": "[Error: Python execution failed: Command failed: python3 \"/Users/jtr/_JTR23_/COSMO/runtime/outputs/execution/exec_1766613536052_p8r0e9e.py\"\nTraceback (most recent call last):\n  File \"/Users/jtr/_JTR23_/COSMO/runtime/outputs/execution/exec_1766613536052_p8r0e9e.py\", line 4, in <module>\n    json\nNameError: name 'json' is not defined\n\nTraceback (most recent call last):\n  File \"/Users/jtr/_JTR23_/COSMO/runtime/outputs/execution/exec_1766613536052_p8r0e9e.py\", line 4, in <module>\n    json\nNameError: name 'json' is not defined\n]",
  "reasoning": "",
  "codeResults": [],
  "hadError": true,
  "errorType": "execution_error",
  "usage": {
    "input_tokens": 1146,
    "input_tokens_details": {
      "cached_tokens": 1024
    },
    "output_tokens": 2339,
    "output_tokens_details": {
      "reasoning_tokens": 340
    },
    "total_tokens": 3485,
    "duration_ms": 0
  },
  "responseId": "resp_0e69f390e3a1466200694c61fdda9481909356dc13d566765a"
}