{
  "content": "[Error: Python execution failed: Command failed: python3 \"/Users/jtr/_JTR23_/COSMO/runtime/outputs/execution/exec_1766550251875_gn0amy9.py\"\nTraceback (most recent call last):\n  File \"/Users/jtr/_JTR23_/COSMO/runtime/outputs/execution/exec_1766550251875_gn0amy9.py\", line 4, in <module>\n    json\nNameError: name 'json' is not defined\n\nTraceback (most recent call last):\n  File \"/Users/jtr/_JTR23_/COSMO/runtime/outputs/execution/exec_1766550251875_gn0amy9.py\", line 4, in <module>\n    json\nNameError: name 'json' is not defined\n]",
  "reasoning": "",
  "codeResults": [],
  "hadError": true,
  "errorType": "execution_error",
  "usage": {
    "input_tokens": 1153,
    "input_tokens_details": {
      "cached_tokens": 0
    },
    "output_tokens": 1499,
    "output_tokens_details": {
      "reasoning_tokens": 265
    },
    "total_tokens": 2652,
    "duration_ms": 0
  },
  "responseId": "resp_0182763b71dfb59100694b6ada52e08190913b858417c751f4"
}