{
  "content": "[Error: Python execution failed: Command failed: python3 \"/Users/jtr/_JTR23_/COSMO/runtime/outputs/execution/exec_1766615705061_gmund7l.py\"\nTraceback (most recent call last):\n  File \"/Users/jtr/_JTR23_/COSMO/runtime/outputs/execution/exec_1766615705061_gmund7l.py\", line 4, in <module>\n    json\nNameError: name 'json' is not defined\n\nTraceback (most recent call last):\n  File \"/Users/jtr/_JTR23_/COSMO/runtime/outputs/execution/exec_1766615705061_gmund7l.py\", line 4, in <module>\n    json\nNameError: name 'json' is not defined\n]",
  "reasoning": "",
  "codeResults": [],
  "hadError": true,
  "errorType": "execution_error",
  "usage": {
    "input_tokens": 1131,
    "input_tokens_details": {
      "cached_tokens": 1024
    },
    "output_tokens": 1835,
    "output_tokens_details": {
      "reasoning_tokens": 243
    },
    "total_tokens": 2966,
    "duration_ms": 0
  },
  "responseId": "resp_06a75515277f12a600694c6a7838808193b698f96b62728e37"
}