{
  "content": "[Error: Python execution failed: Command failed: python3 \"/Users/jtr/_JTR23_/COSMO/runtime/outputs/execution/exec_1766614392898_yc2xyws.py\"\nTraceback (most recent call last):\n  File \"/Users/jtr/_JTR23_/COSMO/runtime/outputs/execution/exec_1766614392898_yc2xyws.py\", line 4, in <module>\n    json\nNameError: name 'json' is not defined\n\nTraceback (most recent call last):\n  File \"/Users/jtr/_JTR23_/COSMO/runtime/outputs/execution/exec_1766614392898_yc2xyws.py\", line 4, in <module>\n    json\nNameError: name 'json' is not defined\n]",
  "reasoning": "",
  "codeResults": [],
  "hadError": true,
  "errorType": "execution_error",
  "usage": {
    "input_tokens": 1031,
    "input_tokens_details": {
      "cached_tokens": 0
    },
    "output_tokens": 1835,
    "output_tokens_details": {
      "reasoning_tokens": 299
    },
    "total_tokens": 2866,
    "duration_ms": 0
  },
  "responseId": "resp_0d2276f2beb6402e00694c656697fc8190899d7f3188a77995"
}