{
  "content": "[Error: Python execution failed: Command failed: python3 \"/Users/jtr/_JTR23_/COSMO/runtime/outputs/execution/exec_1766627722813_0zrv1tu.py\"\nTraceback (most recent call last):\n  File \"/Users/jtr/_JTR23_/COSMO/runtime/outputs/execution/exec_1766627722813_0zrv1tu.py\", line 4, in <module>\n    json\nNameError: name 'json' is not defined\n\nTraceback (most recent call last):\n  File \"/Users/jtr/_JTR23_/COSMO/runtime/outputs/execution/exec_1766627722813_0zrv1tu.py\", line 4, in <module>\n    json\nNameError: name 'json' is not defined\n]",
  "reasoning": "",
  "codeResults": [],
  "hadError": true,
  "errorType": "execution_error",
  "usage": {
    "input_tokens": 1125,
    "input_tokens_details": {
      "cached_tokens": 0
    },
    "output_tokens": 1484,
    "output_tokens_details": {
      "reasoning_tokens": 46
    },
    "total_tokens": 2609,
    "duration_ms": 0
  },
  "responseId": "resp_093069aa33ed6d6800694c997253988195a9d13fe33bb50e02"
}