{
  "content": "[Error: Python execution failed: Command failed: python3 \"/Users/jtr/_JTR23_/COSMO/runtime/outputs/execution/exec_1766627990882_ec46mkv.py\"\nTraceback (most recent call last):\n  File \"/Applications/Xcode.app/Contents/Developer/Library/Frameworks/Python3.framework/Versions/3.9/lib/python3.9/pathlib.py\", line 1313, in mkdir\n    self._accessor.mkdir(self, mode)\nFileNotFoundError: [Errno 2] No such file or directory: '/workspace/scripts/qa/_generated'\n\nDuring handling of the above exception, another exception occurred:\n\nTraceback (most recent call last):\n  File \"/Applications/Xcode.app/Contents/Developer/Library/Frameworks/Python3.framework/Versions/3.9/lib/python3.9/pathlib.py\", line 1313, in mkdir\n    self._accessor.mkdir(self, mode)\nFileNotFoundError: [Errno 2] No such file or directory: '/workspace/scripts/qa'\n\nDuring handling of the above exception, another exception occurred:\n\nTraceback (most recent call last):\n  File \"/Applications/Xcode.app/Contents/Developer/Library/Frameworks/Python3.framework/Versions/3.9/lib/python3.9/pathlib.py\", line 1313, in mkdir\n    self._accessor.mkdir(self, mode)\nFileNotFoundError: [Errno 2] No such file or directory: '/workspace/scripts'\n\nDuring handling of the above exception, another exception occurred:\n\nTraceback (most recent call last):\n  File \"/Users/jtr/_JTR23_/COSMO/runtime/outputs/execution/exec_1766627990882_ec46mkv.py\", line 176, in <module>\n    raise SystemExit(main())\n  File \"/Users/jtr/_JTR23_/COSMO/runtime/outputs/execution/exec_1766627990882_ec46mkv.py\", line 159, in main\n    probes = get_probes(\n  File \"/Users/jtr/_JTR23_/COSMO/runtime/outputs/execution/exec_1766627990882_ec46mkv.py\", line 102, in get_probes\n    test_path = ensure_minimal_pytest_file(workdir_p)\n  File \"/Users/jtr/_JTR23_/COSMO/runtime/outputs/execution/exec_1766627990882_ec46mkv.py\", line 57, in ensure_minimal_pytest_file\n    test_dir.mkdir(parents=True, exist_ok=True)\n  File \"/Applications/Xcode.app/Contents/Developer/Library/Frameworks/Python3.framework/Versions/3.9/lib/python3.9/pathlib.py\", line 1317, in mkdir\n    self.parent.mkdir(parents=True, exist_ok=True)\n  File \"/Applications/Xcode.app/Contents/Developer/Library/Frameworks/Python3.framework/Versions/3.9/lib/python3.9/pathlib.py\", line 1317, in mkdir\n    self.parent.mkdir(parents=True, exist_ok=True)\n  File \"/Applications/Xcode.app/Contents/Developer/Library/Frameworks/Python3.framework/Versions/3.9/lib/python3.9/pathlib.py\", line 1317, in mkdir\n    self.parent.mkdir(parents=True, exist_ok=True)\n  File \"/Applications/Xcode.app/Contents/Developer/Library/Frameworks/Python3.framework/Versions/3.9/lib/python3.9/pathlib.py\", line 1313, in mkdir\n    self._accessor.mkdir(self, mode)\nOSError: [Errno 30] Read-only file system: '/workspace'\n\nTraceback (most recent call last):\n  File \"/Applications/Xcode.app/Contents/Developer/Library/Frameworks/Python3.framework/Versions/3.9/lib/python3.9/pathlib.py\", line 1313, in mkdir\n    self._accessor.mkdir(self, mode)\nFileNotFoundError: [Errno 2] No such file or directory: '/workspace/scripts/qa/_generated'\n\nDuring handling of the above exception, another exception occurred:\n\nTraceback (most recent call last):\n  File \"/Applications/Xcode.app/Contents/Developer/Library/Frameworks/Python3.framework/Versions/3.9/lib/python3.9/pathlib.py\", line 1313, in mkdir\n    self._accessor.mkdir(self, mode)\nFileNotFoundError: [Errno 2] No such file or directory: '/workspace/scripts/qa'\n\nDuring handling of the above exception, another exception occurred:\n\nTraceback (most recent call last):\n  File \"/Applications/Xcode.app/Contents/Developer/Library/Frameworks/Python3.framework/Versions/3.9/lib/python3.9/pathlib.py\", line 1313, in mkdir\n    self._accessor.mkdir(self, mode)\nFileNotFoundError: [Errno 2] No such file or directory: '/workspace/scripts'\n\nDuring handling of the above exception, another exception occurred:\n\nTraceback (most recent call last):\n  File \"/Users/jtr/_JTR23_/COSMO/runtime/outputs/execution/exec_1766627990882_ec46mkv.py\", line 176, in <module>\n    raise SystemExit(main())\n  File \"/Users/jtr/_JTR23_/COSMO/runtime/outputs/execution/exec_1766627990882_ec46mkv.py\", line 159, in main\n    probes = get_probes(\n  File \"/Users/jtr/_JTR23_/COSMO/runtime/outputs/execution/exec_1766627990882_ec46mkv.py\", line 102, in get_probes\n    test_path = ensure_minimal_pytest_file(workdir_p)\n  File \"/Users/jtr/_JTR23_/COSMO/runtime/outputs/execution/exec_1766627990882_ec46mkv.py\", line 57, in ensure_minimal_pytest_file\n    test_dir.mkdir(parents=True, exist_ok=True)\n  File \"/Applications/Xcode.app/Contents/Developer/Library/Frameworks/Python3.framework/Versions/3.9/lib/python3.9/pathlib.py\", line 1317, in mkdir\n    self.parent.mkdir(parents=True, exist_ok=True)\n  File \"/Applications/Xcode.app/Contents/Developer/Library/Frameworks/Python3.framework/Versions/3.9/lib/python3.9/pathlib.py\", line 1317, in mkdir\n    self.parent.mkdir(parents=True, exist_ok=True)\n  File \"/Applications/Xcode.app/Contents/Developer/Library/Frameworks/Python3.framework/Versions/3.9/lib/python3.9/pathlib.py\", line 1317, in mkdir\n    self.parent.mkdir(parents=True, exist_ok=True)\n  File \"/Applications/Xcode.app/Contents/Developer/Library/Frameworks/Python3.framework/Versions/3.9/lib/python3.9/pathlib.py\", line 1313, in mkdir\n    self._accessor.mkdir(self, mode)\nOSError: [Errno 30] Read-only file system: '/workspace'\n]",
  "reasoning": "",
  "codeResults": [],
  "hadError": true,
  "errorType": "execution_error",
  "usage": {
    "input_tokens": 1213,
    "input_tokens_details": {
      "cached_tokens": 1024
    },
    "output_tokens": 1613,
    "output_tokens_details": {
      "reasoning_tokens": 374
    },
    "total_tokens": 2826,
    "duration_ms": 0
  },
  "responseId": "resp_08a1786f5c87ea1600694c9a7e237c819595c6a99d3c65267e"
}