{
  "content": "[Error: Python execution failed: Command failed: python3 \"/Users/jtr/_JTR23_/COSMO/runtime/outputs/execution/exec_1766728603593_tj44gsc.py\"\nTraceback (most recent call last):\n  File \"/Users/jtr/_JTR23_/COSMO/runtime/outputs/execution/exec_1766728603593_tj44gsc.py\", line 4, in <module>\n    json\nNameError: name 'json' is not defined\n\nTraceback (most recent call last):\n  File \"/Users/jtr/_JTR23_/COSMO/runtime/outputs/execution/exec_1766728603593_tj44gsc.py\", line 4, in <module>\n    json\nNameError: name 'json' is not defined\n]",
  "reasoning": "",
  "codeResults": [],
  "hadError": true,
  "errorType": "execution_error",
  "usage": {
    "input_tokens": 1123,
    "input_tokens_details": {
      "cached_tokens": 0
    },
    "output_tokens": 1399,
    "output_tokens_details": {
      "reasoning_tokens": 154
    },
    "total_tokens": 2522,
    "duration_ms": 0
  },
  "responseId": "resp_0032cc57e588e3b500694e238772ec8193977267c2450cc865"
}