{
  "content": "[Error: Python execution failed: Command failed: python3 \"/Users/jtr/_JTR23_/COSMO/runtime/outputs/execution/exec_1766730766947_cm8aqhu.py\"\nTraceback (most recent call last):\n  File \"/Users/jtr/_JTR23_/COSMO/runtime/outputs/execution/exec_1766730766947_cm8aqhu.py\", line 4, in <module>\n    bash\nNameError: name 'bash' is not defined\n\nTraceback (most recent call last):\n  File \"/Users/jtr/_JTR23_/COSMO/runtime/outputs/execution/exec_1766730766947_cm8aqhu.py\", line 4, in <module>\n    bash\nNameError: name 'bash' is not defined\n]",
  "reasoning": "",
  "codeResults": [],
  "hadError": true,
  "errorType": "execution_error",
  "usage": {
    "input_tokens": 1108,
    "input_tokens_details": {
      "cached_tokens": 0
    },
    "output_tokens": 1755,
    "output_tokens_details": {
      "reasoning_tokens": 599
    },
    "total_tokens": 2863,
    "duration_ms": 0
  },
  "responseId": "resp_0cf6ec558cd237a900694e2bf20e348195818fc0e2ad712057"
}