{
  "content": "[Error: Python execution failed: Command failed: python3 \"/Users/jtr/_JTR23_/COSMO/runtime/outputs/execution/exec_1766736406486_0juesov.py\"\nTraceback (most recent call last):\n  File \"/Users/jtr/_JTR23_/COSMO/runtime/outputs/execution/exec_1766736406486_0juesov.py\", line 4, in <module>\n    json\nNameError: name 'json' is not defined\n\nTraceback (most recent call last):\n  File \"/Users/jtr/_JTR23_/COSMO/runtime/outputs/execution/exec_1766736406486_0juesov.py\", line 4, in <module>\n    json\nNameError: name 'json' is not defined\n]",
  "reasoning": "",
  "codeResults": [],
  "hadError": true,
  "errorType": "execution_error",
  "usage": {
    "input_tokens": 1041,
    "input_tokens_details": {
      "cached_tokens": 0
    },
    "output_tokens": 1828,
    "output_tokens_details": {
      "reasoning_tokens": 101
    },
    "total_tokens": 2869,
    "duration_ms": 0
  },
  "responseId": "resp_0ccbd88d64ad416700694e41f79af88190a543c0e7547cdb56"
}