{
  "content": "[Error: Python execution failed: Command failed: python3 \"/Users/jtr/_JTR23_/COSMO/runtime/outputs/execution/exec_1766736440271_5f8rd4u.py\"\nTraceback (most recent call last):\n  File \"/Users/jtr/_JTR23_/COSMO/runtime/outputs/execution/exec_1766736440271_5f8rd4u.py\", line 4, in <module>\n    json\nNameError: name 'json' is not defined\n\nTraceback (most recent call last):\n  File \"/Users/jtr/_JTR23_/COSMO/runtime/outputs/execution/exec_1766736440271_5f8rd4u.py\", line 4, in <module>\n    json\nNameError: name 'json' is not defined\n]",
  "reasoning": "",
  "codeResults": [],
  "hadError": true,
  "errorType": "execution_error",
  "usage": {
    "input_tokens": 1041,
    "input_tokens_details": {
      "cached_tokens": 0
    },
    "output_tokens": 1951,
    "output_tokens_details": {
      "reasoning_tokens": 132
    },
    "total_tokens": 2992,
    "duration_ms": 0
  },
  "responseId": "resp_07750ceeb13070a600694e421697b48197bf401fa2946c4cf7"
}