{
  "content": "[Error: Python execution failed: Command failed: python3 \"/Users/jtr/_JTR23_/COSMO/runtime/outputs/execution/exec_1766738948259_aef4ebn.py\"\nTraceback (most recent call last):\n  File \"/Users/jtr/_JTR23_/COSMO/runtime/outputs/execution/exec_1766738948259_aef4ebn.py\", line 4, in <module>\n    json\nNameError: name 'json' is not defined\n\nTraceback (most recent call last):\n  File \"/Users/jtr/_JTR23_/COSMO/runtime/outputs/execution/exec_1766738948259_aef4ebn.py\", line 4, in <module>\n    json\nNameError: name 'json' is not defined\n]",
  "reasoning": "",
  "codeResults": [],
  "hadError": true,
  "errorType": "execution_error",
  "usage": {
    "input_tokens": 1076,
    "input_tokens_details": {
      "cached_tokens": 0
    },
    "output_tokens": 1681,
    "output_tokens_details": {
      "reasoning_tokens": 185
    },
    "total_tokens": 2757,
    "duration_ms": 0
  },
  "responseId": "resp_0487dadc655c7b8a00694e4be44c2081908d4c816bf4e6608d"
}