{
  "content": "[Error: Python execution failed: Command failed: python3 \"/Users/jtr/_JTR23_/COSMO/runtime/outputs/execution/exec_1766738916205_68a6wos.py\"\nTraceback (most recent call last):\n  File \"/Users/jtr/_JTR23_/COSMO/runtime/outputs/execution/exec_1766738916205_68a6wos.py\", line 4, in <module>\n    json\nNameError: name 'json' is not defined\n\nTraceback (most recent call last):\n  File \"/Users/jtr/_JTR23_/COSMO/runtime/outputs/execution/exec_1766738916205_68a6wos.py\", line 4, in <module>\n    json\nNameError: name 'json' is not defined\n]",
  "reasoning": "",
  "codeResults": [],
  "hadError": true,
  "errorType": "execution_error",
  "usage": {
    "input_tokens": 1076,
    "input_tokens_details": {
      "cached_tokens": 0
    },
    "output_tokens": 1490,
    "output_tokens_details": {
      "reasoning_tokens": 141
    },
    "total_tokens": 2566,
    "duration_ms": 0
  },
  "responseId": "resp_0900b0f2ca51f5f400694e4bc781588195a8d1fd70ab5cafb0"
}