{
  "content": "[Error: Python execution failed: Command failed: python3 \"/Users/jtr/_JTR23_/COSMO/runtime/outputs/execution/exec_1766731416845_wxd715p.py\"\nTraceback (most recent call last):\n  File \"/Users/jtr/_JTR23_/COSMO/runtime/outputs/execution/exec_1766731416845_wxd715p.py\", line 4, in <module>\n    csv\nNameError: name 'csv' is not defined\n\nTraceback (most recent call last):\n  File \"/Users/jtr/_JTR23_/COSMO/runtime/outputs/execution/exec_1766731416845_wxd715p.py\", line 4, in <module>\n    csv\nNameError: name 'csv' is not defined\n]",
  "reasoning": "",
  "codeResults": [],
  "hadError": true,
  "errorType": "execution_error",
  "usage": {
    "input_tokens": 1201,
    "input_tokens_details": {
      "cached_tokens": 0
    },
    "output_tokens": 1663,
    "output_tokens_details": {
      "reasoning_tokens": 145
    },
    "total_tokens": 2864,
    "duration_ms": 0
  },
  "responseId": "resp_03990d8b57b3e69800694e2e7de9288196adbc0d3455186931"
}