{
  "content": "[Error: Python execution failed: Command failed: python3 \"/Users/jtr/_JTR23_/COSMO/runtime/outputs/execution/exec_1766737640756_60mv1ch.py\"\nusage: build [-h] [--project-root PROJECT_ROOT] [--out-dir OUT_DIR] [--ci] ...\nbuild: error: unrecognized arguments: --build-dir\nusage: build [-h] [--project-root PROJECT_ROOT] [--out-dir OUT_DIR] [--ci] ...\nbuild: error: unrecognized arguments: --build-dir\nusage: build [-h] [--project-root PROJECT_ROOT] [--out-dir OUT_DIR] [--ci] ...\nbuild: error: unrecognized arguments: --build-dir\n\nusage: build [-h] [--project-root PROJECT_ROOT] [--out-dir OUT_DIR] [--ci] ...\nbuild: error: unrecognized arguments: --build-dir\nusage: build [-h] [--project-root PROJECT_ROOT] [--out-dir OUT_DIR] [--ci] ...\nbuild: error: unrecognized arguments: --build-dir\nusage: build [-h] [--project-root PROJECT_ROOT] [--out-dir OUT_DIR] [--ci] ...\nbuild: error: unrecognized arguments: --build-dir\n]",
  "reasoning": "",
  "codeResults": [
    {
      "type": "code_output",
      "output": "Python execution failed: Command failed: python3 \"/Users/jtr/_JTR23_/COSMO/runtime/outputs/execution/exec_1766737640756_60mv1ch.py\"\nusage: build [-h] [--project-root PROJECT_ROOT] [--out-dir OUT_DIR] [--ci] ...\nbuild: error: unrecognized arguments: --build-dir\nusage: build [-h] [--project-root PROJECT_ROOT] [--out-dir OUT_DIR] [--ci] ...\nbuild: error: unrecognized arguments: --build-dir\nusage: build [-h] [--project-root PROJECT_ROOT] [--out-dir OUT_DIR] [--ci] ...\nbuild: error: unrecognized arguments: --build-dir\n\nusage: build [-h] [--project-root PROJECT_ROOT] [--out-dir OUT_DIR] [--ci] ...\nbuild: error: unrecognized arguments: --build-dir\nusage: build [-h] [--project-root PROJECT_ROOT] [--out-dir OUT_DIR] [--ci] ...\nbuild: error: unrecognized arguments: --build-dir\nusage: build [-h] [--project-root PROJECT_ROOT] [--out-dir OUT_DIR] [--ci] ...\nbuild: error: unrecognized arguments: --build-dir\n",
      "logs": [
        "Python execution failed: Command failed: python3 \"/Users/jtr/_JTR23_/COSMO/runtime/outputs/execution/exec_1766737640756_60mv1ch.py\"\nusage: build [-h] [--project-root PROJECT_ROOT] [--out-dir OUT_DIR] [--ci] ...\nbuild: error: unrecognized arguments: --build-dir\nusage: build [-h] [--project-root PROJECT_ROOT] [--out-dir OUT_DIR] [--ci] ...\nbuild: error: unrecognized arguments: --build-dir\nusage: build [-h] [--project-root PROJECT_ROOT] [--out-dir OUT_DIR] [--ci] ...\nbuild: error: unrecognized arguments: --build-dir\n\nusage: build [-h] [--project-root PROJECT_ROOT] [--out-dir OUT_DIR] [--ci] ...\nbuild: error: unrecognized arguments: --build-dir\nusage: build [-h] [--project-root PROJECT_ROOT] [--out-dir OUT_DIR] [--ci] ...\nbuild: error: unrecognized arguments: --build-dir\nusage: build [-h] [--project-root PROJECT_ROOT] [--out-dir OUT_DIR] [--ci] ...\nbuild: error: unrecognized arguments: --build-dir\n"
      ],
      "files": [
        {
          "file_id": "local_467c4204183fba47",
          "filename": "_build/examples/empty/run.log",
          "path": "/Users/jtr/_JTR23_/COSMO/runtime/outputs/execution/_build/examples/empty/run.log",
          "size": 350
        },
        {
          "file_id": "local_a3ef08779ffb2693",
          "filename": "_build/examples/missing/run.log",
          "path": "/Users/jtr/_JTR23_/COSMO/runtime/outputs/execution/_build/examples/missing/run.log",
          "size": 356
        },
        {
          "file_id": "local_d7c54ab2654e66f3",
          "filename": "_build/examples/success/run.log",
          "path": "/Users/jtr/_JTR23_/COSMO/runtime/outputs/execution/_build/examples/success/run.log",
          "size": 356
        }
      ]
    }
  ],
  "hadError": true,
  "errorType": "execution_error",
  "usage": {
    "input_tokens": 1121,
    "input_tokens_details": {
      "cached_tokens": 0
    },
    "output_tokens": 2471,
    "output_tokens_details": {
      "reasoning_tokens": 1290
    },
    "total_tokens": 3592,
    "duration_ms": 0
  },
  "responseId": "resp_050c9480a6d9373500694e46bc4b148190818f957a9e5bd35f"
}