{
  "content": "[Error: Python execution failed: Command failed: python3 \"/Users/jtr/_JTR23_/COSMO/runtime/outputs/execution/exec_1766619933207_3adax9g.py\"\nTraceback (most recent call last):\n  File \"/Users/jtr/_JTR23_/COSMO/runtime/outputs/execution/exec_1766619933207_3adax9g.py\", line 4, in <module>\n    json\nNameError: name 'json' is not defined\n\nTraceback (most recent call last):\n  File \"/Users/jtr/_JTR23_/COSMO/runtime/outputs/execution/exec_1766619933207_3adax9g.py\", line 4, in <module>\n    json\nNameError: name 'json' is not defined\n]",
  "reasoning": "",
  "codeResults": [],
  "hadError": true,
  "errorType": "execution_error",
  "usage": {
    "input_tokens": 1159,
    "input_tokens_details": {
      "cached_tokens": 0
    },
    "output_tokens": 2545,
    "output_tokens_details": {
      "reasoning_tokens": 326
    },
    "total_tokens": 3704,
    "duration_ms": 0
  },
  "responseId": "resp_099ed2021ca4552a00694c7af05d248197aa91cc9577c9a5b5"
}