{
  "content": "[Error: Python execution failed: Command failed: python3 \"/Users/jtr/_JTR23_/COSMO/runtime/outputs/execution/exec_1766619957367_0xf80c4.py\"\nTraceback (most recent call last):\n  File \"/Users/jtr/_JTR23_/COSMO/runtime/outputs/execution/exec_1766619957367_0xf80c4.py\", line 4, in <module>\n    json\nNameError: name 'json' is not defined\n\nTraceback (most recent call last):\n  File \"/Users/jtr/_JTR23_/COSMO/runtime/outputs/execution/exec_1766619957367_0xf80c4.py\", line 4, in <module>\n    json\nNameError: name 'json' is not defined\n]",
  "reasoning": "",
  "codeResults": [],
  "hadError": true,
  "errorType": "execution_error",
  "usage": {
    "input_tokens": 1159,
    "input_tokens_details": {
      "cached_tokens": 0
    },
    "output_tokens": 1554,
    "output_tokens_details": {
      "reasoning_tokens": 247
    },
    "total_tokens": 2713,
    "duration_ms": 0
  },
  "responseId": "resp_081138924149944b00694c7b1d5db4819689c4751c3e2a75b8"
}