{
  "content": "[Error: Python execution failed: Command failed: python3 \"/Users/jtr/_JTR23_/COSMO/runtime/outputs/execution/exec_1766619997308_wj77tyn.py\"\nTraceback (most recent call last):\n  File \"/Users/jtr/_JTR23_/COSMO/runtime/outputs/execution/exec_1766619997308_wj77tyn.py\", line 4, in <module>\n    json\nNameError: name 'json' is not defined\n\nTraceback (most recent call last):\n  File \"/Users/jtr/_JTR23_/COSMO/runtime/outputs/execution/exec_1766619997308_wj77tyn.py\", line 4, in <module>\n    json\nNameError: name 'json' is not defined\n]",
  "reasoning": "",
  "codeResults": [],
  "hadError": true,
  "errorType": "execution_error",
  "usage": {
    "input_tokens": 1145,
    "input_tokens_details": {
      "cached_tokens": 1024
    },
    "output_tokens": 1197,
    "output_tokens_details": {
      "reasoning_tokens": 111
    },
    "total_tokens": 2342,
    "duration_ms": 0
  },
  "responseId": "resp_07f04e9eaf1ccb1600694c7b47ebb48195b39e7caadafcd05d"
}