{
  "content": "[Error: Python execution failed: Command failed: python3 \"/Users/jtr/_JTR23_/COSMO/runtime/outputs/execution/exec_1766724663294_qr9dc0y.py\"\nTraceback (most recent call last):\n  File \"/Users/jtr/_JTR23_/COSMO/runtime/outputs/execution/exec_1766724663294_qr9dc0y.py\", line 4, in <module>\n    json\nNameError: name 'json' is not defined\n\nTraceback (most recent call last):\n  File \"/Users/jtr/_JTR23_/COSMO/runtime/outputs/execution/exec_1766724663294_qr9dc0y.py\", line 4, in <module>\n    json\nNameError: name 'json' is not defined\n]",
  "reasoning": "",
  "codeResults": [],
  "hadError": true,
  "errorType": "execution_error",
  "usage": {
    "input_tokens": 1078,
    "input_tokens_details": {
      "cached_tokens": 0
    },
    "output_tokens": 1500,
    "output_tokens_details": {
      "reasoning_tokens": 124
    },
    "total_tokens": 2578,
    "duration_ms": 0
  },
  "responseId": "resp_0d4b72199c4c5bb800694e141ff44481908940b83de5ad867c"
}