{
  "content": "[Error: Python execution failed: Command failed: python3 \"/Users/jtr/_JTR23_/COSMO/runtime/outputs/execution/exec_1766627521457_1srlj8p.py\"\nTraceback (most recent call last):\n  File \"/Users/jtr/_JTR23_/COSMO/runtime/outputs/execution/exec_1766627521457_1srlj8p.py\", line 4, in <module>\n    json\nNameError: name 'json' is not defined\n\nTraceback (most recent call last):\n  File \"/Users/jtr/_JTR23_/COSMO/runtime/outputs/execution/exec_1766627521457_1srlj8p.py\", line 4, in <module>\n    json\nNameError: name 'json' is not defined\n]",
  "reasoning": "",
  "codeResults": [],
  "hadError": true,
  "errorType": "execution_error",
  "usage": {
    "input_tokens": 1102,
    "input_tokens_details": {
      "cached_tokens": 0
    },
    "output_tokens": 1260,
    "output_tokens_details": {
      "reasoning_tokens": 127
    },
    "total_tokens": 2362,
    "duration_ms": 0
  },
  "responseId": "resp_0d7e68f050f2765b00694c98b1603c81948e665839bb80ed2e"
}