{
  "content": "[Error: Python execution failed: Command failed: python3 \"/Users/jtr/_JTR23_/COSMO/runtime/outputs/execution/exec_1766731775027_1du3lwk.py\"\nTraceback (most recent call last):\n  File \"/Users/jtr/_JTR23_/COSMO/runtime/outputs/execution/exec_1766731775027_1du3lwk.py\", line 4, in <module>\n    json\nNameError: name 'json' is not defined\n\nTraceback (most recent call last):\n  File \"/Users/jtr/_JTR23_/COSMO/runtime/outputs/execution/exec_1766731775027_1du3lwk.py\", line 4, in <module>\n    json\nNameError: name 'json' is not defined\n]",
  "reasoning": "",
  "codeResults": [],
  "hadError": true,
  "errorType": "execution_error",
  "usage": {
    "input_tokens": 1095,
    "input_tokens_details": {
      "cached_tokens": 0
    },
    "output_tokens": 1282,
    "output_tokens_details": {
      "reasoning_tokens": 134
    },
    "total_tokens": 2377,
    "duration_ms": 0
  },
  "responseId": "resp_016b116c42e0281400694e2fe980fc81948bb15bd0fa6d96fe"
}