{
  "content": "[Error: Python execution failed: Command failed: python3 \"/Users/jtr/_JTR23_/COSMO/runtime/outputs/execution/exec_1766882323176_xxpuvr2.py\"\nTraceback (most recent call last):\n  File \"/Users/jtr/_JTR23_/COSMO/runtime/outputs/execution/exec_1766882323176_xxpuvr2.py\", line 1, in <module>\n    from spec_crosswalk.overrides import load_overrides_yaml, apply_overrides\nModuleNotFoundError: No module named 'spec_crosswalk.overrides'\n\nTraceback (most recent call last):\n  File \"/Users/jtr/_JTR23_/COSMO/runtime/outputs/execution/exec_1766882323176_xxpuvr2.py\", line 1, in <module>\n    from spec_crosswalk.overrides import load_overrides_yaml, apply_overrides\nModuleNotFoundError: No module named 'spec_crosswalk.overrides'\n]",
  "reasoning": "",
  "codeResults": [],
  "hadError": true,
  "errorType": "execution_error",
  "usage": {
    "input_tokens": 1150,
    "input_tokens_details": {
      "cached_tokens": 0
    },
    "output_tokens": 1638,
    "output_tokens_details": {
      "reasoning_tokens": 106
    },
    "total_tokens": 2788,
    "duration_ms": 0
  },
  "responseId": "resp_0d36977bf0852a2f0069507bcfc2048193b2b0cbd0f7145cb4"
}