{
  "content": "[Error: Python execution failed: Command failed: python3 \"/Users/jtr/_JTR23_/COSMO/runtime/outputs/execution/exec_1766554920725_7c8edsa.py\"\nTraceback (most recent call last):\n  File \"/Users/jtr/_JTR23_/COSMO/runtime/outputs/execution/exec_1766554920725_7c8edsa.py\", line 4, in <module>\n    json\nNameError: name 'json' is not defined\n\nTraceback (most recent call last):\n  File \"/Users/jtr/_JTR23_/COSMO/runtime/outputs/execution/exec_1766554920725_7c8edsa.py\", line 4, in <module>\n    json\nNameError: name 'json' is not defined\n]",
  "reasoning": "",
  "codeResults": [],
  "hadError": true,
  "errorType": "execution_error",
  "usage": {
    "input_tokens": 1182,
    "input_tokens_details": {
      "cached_tokens": 0
    },
    "output_tokens": 1346,
    "output_tokens_details": {
      "reasoning_tokens": 329
    },
    "total_tokens": 2528,
    "duration_ms": 0
  },
  "responseId": "resp_0dbf5a0b7b8a408800694b7d12ed588197a4bb34937d95edba"
}